2017-08-24T11:30:36-03:00 INFO (6): Participantes\Model\Participante Object
(
    [codigo] => 
    [usuario] => vanessa
    [email] => vanessa.r.sene@gmail.com
    [nome] => vanessa
    [cidade] => curitiba
    [telefone] => 41 999846175
    [instituicao] => 
    [cpf] => 108.304.269-65
    [passaporte] => 
    [instituição] => bradesco
)

2017-08-24T11:32:59-03:00 INFO (6): Participantes\Model\Participante Object
(
    [codigo] => 
    [usuario] => vanessa
    [email] => vanessa.r.sene@gmail.com
    [nome] => vanessa
    [cidade] => curitiba
    [telefone] => 41 999846175
    [instituicao] => bradesco
    [cpf] => 108.304.269-65
    [passaporte] => 
)

2017-08-24T11:35:40-03:00 INFO (6): Participantes\Model\Participante Object
(
    [codigo] => 
    [usuario] => vanessa
    [email] => vanessa.r.sene@gmail.com
    [nome] => vanessa
    [cidade] => curitiba
    [telefone] => 41999846175
    [instituicao] => bradesco
    [cpf] => 10830426965
    [passaporte] => 
)

2017-08-24T11:40:15-03:00 INFO (6): Participantes\Model\Participante Object
(
    [codigo] => 
    [usuario] => vanessa
    [email] => vanessa.r.sene@gmail.com
    [nome] => vanessa
    [cidade] => curitiba
    [telefone] => 41999846175
    [instituicao] => bradesco
    [cpf] => 10830426965
    [passaporte] => 
)

